<?xml version="1.0" encoding="UTF-8"?>
<testsuite name="com.poke86.game.domain.model.GameTest" tests="5" skipped="0" failures="0" errors="0" timestamp="2026-04-16T23:02:11" hostname="GIGA_POKE86" time="0.001">
  <properties/>
  <testcase name="Game data class equality works correctly" classname="com.poke86.game.domain.model.GameTest" time="0.0"/>
  <testcase name="GameTag BRAIN has correct label" classname="com.poke86.game.domain.model.GameTest" time="0.0"/>
  <testcase name="GameTag SOLO has correct label" classname="com.poke86.game.domain.model.GameTest" time="0.0"/>
  <testcase name="GameTag MULTI has correct label" classname="com.poke86.game.domain.model.GameTest" time="0.0"/>
  <testcase name="GameTag QUICK has correct label" classname="com.poke86.game.domain.model.GameTest" time="0.0"/>
  <system-out><![CDATA[]]></system-out>
  <system-err><![CDATA[]]></system-err>
</testsuite>
